[INFO] Scanning for projects...
[INFO] 
[INFO] ------------------< com.ecommerce:ecommerce-backend >-------------------
[INFO] Building ecommerce-backend 0.0.1-SNAPSHOT
[INFO]   from pom.xml
[INFO] --------------------------------[ jar ]---------------------------------
[INFO] 
[INFO] >>> spring-boot:3.4.13:run (default-cli) > test-compile @ ecommerce-backend >>>
[INFO] 
[INFO] --- resources:3.3.1:resources (default-resources) @ ecommerce-backend ---
[INFO] Copying 1 resource from src\main\resources to target\classes
[INFO] Copying 0 resource from src\main\resources to target\classes
[INFO] 
[INFO] --- compiler:3.13.0:compile (default-compile) @ ecommerce-backend ---
[INFO] Recompiling the module because of changed source code.
[INFO] Compiling 30 source files with javac [debug parameters release 17] to target\classes
[INFO] 
[INFO] --- resources:3.3.1:testResources (default-testResources) @ ecommerce-backend ---
[INFO] skip non existing resourceDirectory D:\Code With Kanhaiya\My Currior Project\ecommerce-backend\src\test\resources
[INFO] 
[INFO] --- compiler:3.13.0:testCompile (default-testCompile) @ ecommerce-backend ---
[INFO] Recompiling the module because of changed dependency.
[INFO] Compiling 1 source file with javac [debug parameters release 17] to target\test-classes
[INFO] 
[INFO] <<< spring-boot:3.4.13:run (default-cli) < test-compile @ ecommerce-backend <<<
[INFO] 
[INFO] 
[INFO] --- spring-boot:3.4.13:run (default-cli) @ ecommerce-backend ---
[INFO] Attaching agents: []

  .   ____          _            __ _ _
 /\\ / ___'_ __ _ _(_)_ __  __ _ \ \ \ \
( ( )\___ | '_ | '_| | '_ \/ _` | \ \ \ \
 \\/  ___)| |_)| | | | | || (_| |  ) ) ) )
  '  |____| .__|_| |_|_| |_\__, | / / / /
 =========|_|==============|___/=/_/_/_/

 :: Spring Boot ::               (v3.4.13)

2026-06-28T09:02:53.428+05:30  INFO 24172 --- [           main] com.ecommerce.EcommerceApplication       : Starting EcommerceApplication using Java 17.0.19 with PID 24172 (D:\Code With Kanhaiya\My Currior Project\ecommerce-backend\target\classes started by kanha in D:\Code With Kanhaiya\My Currior Project\ecommerce-backend)
2026-06-28T09:02:53.431+05:30  INFO 24172 --- [           main] com.ecommerce.EcommerceApplication       : No active profile set, falling back to 1 default profile: "default"
2026-06-28T09:02:54.009+05:30  INFO 24172 --- [           main] .s.d.r.c.RepositoryConfigurationDelegate : Bootstrapping Spring Data JPA repositories in DEFAULT mode.
2026-06-28T09:02:54.071+05:30  INFO 24172 --- [           main] .s.d.r.c.RepositoryConfigurationDelegate : Finished Spring Data repository scanning in 54 ms. Found 6 JPA repository interfaces.
2026-06-28T09:02:54.509+05:30  INFO 24172 --- [           main] o.s.b.w.embedded.tomcat.TomcatWebServer  : Tomcat initialized with port 8080 (http)
2026-06-28T09:02:54.519+05:30  INFO 24172 --- [           main] o.apache.catalina.core.StandardService   : Starting service [Tomcat]
2026-06-28T09:02:54.519+05:30  INFO 24172 --- [           main] o.apache.catalina.core.StandardEngine    : Starting Servlet engine: [Apache Tomcat/10.1.50]
2026-06-28T09:02:54.561+05:30  INFO 24172 --- [           main] o.a.c.c.C.[Tomcat].[localhost].[/]       : Initializing Spring embedded WebApplicationContext
2026-06-28T09:02:54.562+05:30  INFO 24172 --- [           main] w.s.c.ServletWebServerApplicationContext : Root WebApplicationContext: initialization completed in 1093 ms
2026-06-28T09:02:54.670+05:30  INFO 24172 --- [           main] o.hibernate.jpa.internal.util.LogHelper  : HHH000204: Processing PersistenceUnitInfo [name: default]
2026-06-28T09:02:54.707+05:30  INFO 24172 --- [           main] org.hibernate.Version                    : HHH000412: Hibernate ORM core version 6.6.39.Final
2026-06-28T09:02:54.731+05:30  INFO 24172 --- [           main] o.h.c.internal.RegionFactoryInitiator    : HHH000026: Second-level cache disabled
2026-06-28T09:02:54.938+05:30  INFO 24172 --- [           main] o.s.o.j.p.SpringPersistenceUnitInfo      : No LoadTimeWeaver setup: ignoring JPA class transformer
2026-06-28T09:02:54.969+05:30  INFO 24172 --- [           main] com.zaxxer.hikari.HikariDataSource       : HikariPool-1 - Starting...
2026-06-28T09:02:55.108+05:30  INFO 24172 --- [           main] com.zaxxer.hikari.pool.HikariPool        : HikariPool-1 - Added connection conn0: url=jdbc:h2:mem:ecommerce_db user=SA
2026-06-28T09:02:55.110+05:30  INFO 24172 --- [           main] com.zaxxer.hikari.HikariDataSource       : HikariPool-1 - Start completed.
2026-06-28T09:02:55.156+05:30  INFO 24172 --- [           main] org.hibernate.orm.connections.pooling    : HHH10001005: Database info:
	Database JDBC URL [Connecting through datasource 'HikariDataSource (HikariPool-1)']
	Database driver: undefined/unknown
	Database version: 2.3.232
	Autocommit mode: undefined/unknown
	Isolation level: undefined/unknown
	Minimum pool size: undefined/unknown
	Maximum pool size: undefined/unknown
2026-06-28T09:02:55.849+05:30  INFO 24172 --- [           main] o.h.e.t.j.p.i.JtaPlatformInitiator       : HHH000489: No JTA platform available (set 'hibernate.transaction.jta.platform' to enable JTA platform integration)
Hibernate: 
    create table admin_auth_sessions (
        id bigint generated by default as identity,
        access_token_hash varchar(128) not null,
        created_at timestamp(6) with time zone not null,
        expires_at timestamp(6) with time zone not null,
        refresh_token_hash varchar(128) not null,
        revoked_at timestamp(6) with time zone,
        updated_at timestamp(6) with time zone not null,
        user_id bigint not null,
        primary key (id)
    )
Hibernate: 
    create table admin_auth_users (
        id bigint generated by default as identity,
        created_at timestamp(6) with time zone not null,
        display_name varchar(255),
        email varchar(255),
        email_verified_at timestamp(6) with time zone,
        phone_number varchar(32),
        phone_verified_at timestamp(6) with time zone,
        public_id varchar(36) not null,
        status enum ('ACTIVE','BLOCKED','PENDING') not null,
        updated_at timestamp(6) with time zone not null,
        primary key (id)
    )
Hibernate: 
    create table admin_otp_requests (
        id bigint generated by default as identity,
        attempts integer not null,
        channel enum ('EMAIL','PHONE','WHATSAPP') not null,
        created_at timestamp(6) with time zone not null,
        delivery_status varchar(24),
        expires_at timestamp(6) with time zone not null,
        identifier varchar(255) not null,
        masked_destination varchar(255) not null,
        normalized_identifier varchar(255) not null,
        otp_hash varchar(128) not null,
        purpose enum ('SIGNIN','SIGNUP') not null,
        status enum ('EXPIRED','LOCKED','PENDING','VERIFIED') not null,
        updated_at timestamp(6) with time zone not null,
        user_id bigint,
        verified_at timestamp(6) with time zone,
        primary key (id)
    )
Hibernate: 
    create table consumer_auth_sessions (
        id bigint generated by default as identity,
        access_token_hash varchar(128) not null,
        created_at timestamp(6) with time zone not null,
        expires_at timestamp(6) with time zone not null,
        refresh_token_hash varchar(128) not null,
        revoked_at timestamp(6) with time zone,
        updated_at timestamp(6) with time zone not null,
        user_id bigint not null,
        primary key (id)
    )
Hibernate: 
    create table consumer_auth_users (
        id bigint generated by default as identity,
        created_at timestamp(6) with time zone not null,
        display_name varchar(255),
        email varchar(255),
        email_verified_at timestamp(6) with time zone,
        phone_number varchar(32),
        phone_verified_at timestamp(6) with time zone,
        public_id varchar(36) not null,
        status enum ('ACTIVE','BLOCKED','PENDING') not null,
        updated_at timestamp(6) with time zone not null,
        primary key (id)
    )
Hibernate: 
    create table consumer_otp_requests (
        id bigint generated by default as identity,
        attempts integer not null,
        channel enum ('EMAIL','PHONE','WHATSAPP') not null,
        created_at timestamp(6) with time zone not null,
        delivery_status varchar(24),
        expires_at timestamp(6) with time zone not null,
        identifier varchar(255) not null,
        masked_destination varchar(255) not null,
        normalized_identifier varchar(255) not null,
        otp_hash varchar(128) not null,
        purpose enum ('SIGNIN','SIGNUP') not null,
        status enum ('EXPIRED','LOCKED','PENDING','VERIFIED') not null,
        updated_at timestamp(6) with time zone not null,
        user_id bigint,
        verified_at timestamp(6) with time zone,
        primary key (id)
    )
Hibernate: 
    alter table if exists admin_auth_users 
       drop constraint if exists UK7x84p0vh59bu0ocuma6fb6jg0
Hibernate: 
    alter table if exists admin_auth_users 
       add constraint UK7x84p0vh59bu0ocuma6fb6jg0 unique (public_id)
Hibernate: 
    alter table if exists consumer_auth_users 
       drop constraint if exists UK5xlr51dv8f9eh7vqdxg5v7bl
Hibernate: 
    alter table if exists consumer_auth_users 
       add constraint UK5xlr51dv8f9eh7vqdxg5v7bl unique (public_id)
2026-06-28T09:02:55.910+05:30  INFO 24172 --- [           main] j.LocalContainerEntityManagerFactoryBean : Initialized JPA EntityManagerFactory for persistence unit 'default'
2026-06-28T09:02:56.405+05:30  WARN 24172 --- [           main] JpaBaseConfiguration$JpaWebConfiguration : spring.jpa.open-in-view is enabled by default. Therefore, database queries may be performed during view rendering. Explicitly configure spring.jpa.open-in-view to disable this warning
2026-06-28T09:02:56.591+05:30  INFO 24172 --- [           main] o.s.b.a.h2.H2ConsoleAutoConfiguration    : H2 console available at '/h2-console'. Database available at 'jdbc:h2:mem:ecommerce_db'
2026-06-28T09:02:56.651+05:30  INFO 24172 --- [           main] o.s.b.w.embedded.tomcat.TomcatWebServer  : Tomcat started on port 8080 (http) with context path '/'
2026-06-28T09:02:56.658+05:30  INFO 24172 --- [           main] com.ecommerce.EcommerceApplication       : Started EcommerceApplication in 3.585 seconds (process running for 3.819)
2026-06-28T09:04:52.476+05:30  INFO 24172 --- [nio-8080-exec-1] o.a.c.c.C.[Tomcat].[localhost].[/]       : Initializing Spring DispatcherServlet 'dispatcherServlet'
2026-06-28T09:04:52.476+05:30  INFO 24172 --- [nio-8080-exec-1] o.s.web.servlet.DispatcherServlet        : Initializing Servlet 'dispatcherServlet'
2026-06-28T09:04:52.477+05:30  INFO 24172 --- [nio-8080-exec-1] o.s.web.servlet.DispatcherServlet        : Completed initialization in 1 ms
Hibernate: 
    select
        aau1_0.id,
        aau1_0.created_at,
        aau1_0.display_name,
        aau1_0.email,
        aau1_0.email_verified_at,
        aau1_0.phone_number,
        aau1_0.phone_verified_at,
        aau1_0.public_id,
        aau1_0.status,
        aau1_0.updated_at 
    from
        admin_auth_users aau1_0 
    where
        upper(aau1_0.email)=upper(?)
Hibernate: 
    select
        aau1_0.id,
        aau1_0.created_at,
        aau1_0.display_name,
        aau1_0.email,
        aau1_0.email_verified_at,
        aau1_0.phone_number,
        aau1_0.phone_verified_at,
        aau1_0.public_id,
        aau1_0.status,
        aau1_0.updated_at 
    from
        admin_auth_users aau1_0 
    where
        upper(aau1_0.email)=upper(?)
2026-06-28T09:11:10.738+05:30  WARN 24172 --- [nio-8080-exec-6] .w.s.m.s.DefaultHandlerExceptionResolver : Resolved [org.springframework.http.converter.HttpMessageNotReadableException: JSON parse error: Unexpected character ('p' (code 112)): was expecting double-quote to start field name]
Hibernate: 
    select
        aau1_0.id,
        aau1_0.created_at,
        aau1_0.display_name,
        aau1_0.email,
        aau1_0.email_verified_at,
        aau1_0.phone_number,
        aau1_0.phone_verified_at,
        aau1_0.public_id,
        aau1_0.status,
        aau1_0.updated_at 
    from
        admin_auth_users aau1_0 
    where
        upper(aau1_0.email)=upper(?)
Hibernate: 
    select
        aau1_0.id,
        aau1_0.created_at,
        aau1_0.display_name,
        aau1_0.email,
        aau1_0.email_verified_at,
        aau1_0.phone_number,
        aau1_0.phone_verified_at,
        aau1_0.public_id,
        aau1_0.status,
        aau1_0.updated_at 
    from
        admin_auth_users aau1_0 
    where
        upper(aau1_0.email)=upper(?)
[INFO] ------------------------------------------------------------------------
[INFO] BUILD FAILURE
[INFO] ------------------------------------------------------------------------
[INFO] Total time:  11:19 min
[INFO] Finished at: 2026-06-28T09:14:06+05:30
[INFO] ------------------------------------------------------------------------
[ERROR] Failed to execute goal org.springframework.boot:spring-boot-maven-plugin:3.4.13:run (default-cli) on project ecommerce-backend: Process terminated with exit code: -1 -> [Help 1]
[ERROR] 
[ERROR] To see the full stack trace of the errors, re-run Maven with the -e switch.
[ERROR] Re-run Maven using the -X switch to enable full debug logging.
[ERROR] 
[ERROR] For more information about the errors and possible solutions, please read the following articles:
[ERROR] [Help 1] http://cwiki.apache.org/confluence/display/MAVEN/MojoExecutionException
